[debug] [2020-06-03T08:56:21.853Z] ----------------------------------------------------------------------
[debug] [2020-06-03T08:56:21.858Z] Command:       C:\Program Files\nodejs\node.exe C:\Users\Fran\AppData\Roaming\npm\node_modules\firebase-tools\lib\bin\firebase.js serve
[debug] [2020-06-03T08:56:21.859Z] CLI Version:   8.3.0
[debug] [2020-06-03T08:56:21.859Z] Platform:      win32
[debug] [2020-06-03T08:56:21.859Z] Node Version:  v12.16.1
[debug] [2020-06-03T08:56:21.863Z] Time:          Wed Jun 03 2020 09:56:21 GMT+0100 (GMT+01:00)
[debug] [2020-06-03T08:56:21.864Z] ----------------------------------------------------------------------
[debug] [2020-06-03T08:56:21.864Z] 
[debug] [2020-06-03T08:56:21.881Z] > command requires scopes: ["email","openid","https://www.googleapis.com/auth/cloudplatformprojects.readonly","https://www.googleapis.com/auth/firebase","https://www.googleapis.com/auth/cloud-platform"]
[debug] [2020-06-03T08:56:21.882Z] > authorizing via signed-in user
[debug] [2020-06-03T08:56:21.882Z] [iam] checking project nuestrodinero for permissions ["firebase.projects.get"]
[debug] [2020-06-03T08:56:21.887Z] > refreshing access token with scopes: ["email","https://www.googleapis.com/auth/cloud-platform","https://www.googleapis.com/auth/cloudplatformprojects.readonly","https://www.googleapis.com/auth/firebase","openid"]
[debug] [2020-06-03T08:56:21.887Z] >>> HTTP REQUEST POST https://www.googleapis.com/oauth2/v3/token  
 <request body omitted>
[debug] [2020-06-03T08:56:22.189Z] <<< HTTP RESPONSE 200 {"content-type":"application/json; charset=utf-8","vary":"X-Origin, Referer, Origin,Accept-Encoding","date":"Wed, 03 Jun 2020 08:56:24 GMT","server":"scaffolding on HTTPServer2","cache-control":"private","x-xss-protection":"0","x-frame-options":"SAMEORIGIN","x-content-type-options":"nosniff","alt-svc":"h3-27=\":443\"; ma=2592000,h3-25=\":443\"; ma=2592000,h3-T050=\":443\"; ma=2592000,h3-Q050=\":443\"; ma=2592000,h3-Q049=\":443\"; ma=2592000,h3-Q048=\":443\"; ma=2592000,h3-Q046=\":443\"; ma=2592000,h3-Q043=\":443\"; ma=2592000,quic=\":443\"; ma=2592000; v=\"46,43\"","accept-ranges":"none","transfer-encoding":"chunked"}
[debug] [2020-06-03T08:56:22.208Z] >>> HTTP REQUEST POST https://cloudresourcemanager.googleapis.com/v1/projects/nuestrodinero:testIamPermissions  
 {"permissions":["firebase.projects.get"]}
[debug] [2020-06-03T08:56:23.279Z] <<< HTTP RESPONSE 200 {"content-type":"application/json; charset=UTF-8","vary":"X-Origin, Referer, Origin,Accept-Encoding","date":"Wed, 03 Jun 2020 08:56:25 GMT","server":"ESF","cache-control":"private","x-xss-protection":"0","x-frame-options":"SAMEORIGIN","x-content-type-options":"nosniff","server-timing":"gfet4t7; dur=661","alt-svc":"h3-27=\":443\"; ma=2592000,h3-25=\":443\"; ma=2592000,h3-T050=\":443\"; ma=2592000,h3-Q050=\":443\"; ma=2592000,h3-Q049=\":443\"; ma=2592000,h3-Q048=\":443\"; ma=2592000,h3-Q046=\":443\"; ma=2592000,h3-Q043=\":443\"; ma=2592000,quic=\":443\"; ma=2592000; v=\"46,43\"","accept-ranges":"none","transfer-encoding":"chunked"}
[debug] [2020-06-03T08:56:23.280Z] >>> HTTP REQUEST GET https://firebase.googleapis.com/v1beta1/projects/nuestrodinero  
 
[debug] [2020-06-03T08:56:23.689Z] <<< HTTP RESPONSE 200 {"content-type":"application/json; charset=UTF-8","vary":"X-Origin, Referer, Origin,Accept-Encoding","date":"Wed, 03 Jun 2020 08:56:26 GMT","server":"ESF","cache-control":"private","x-xss-protection":"0","x-frame-options":"SAMEORIGIN","x-content-type-options":"nosniff","alt-svc":"h3-27=\":443\"; ma=2592000,h3-25=\":443\"; ma=2592000,h3-T050=\":443\"; ma=2592000,h3-Q050=\":443\"; ma=2592000,h3-Q049=\":443\"; ma=2592000,h3-Q048=\":443\"; ma=2592000,h3-Q046=\":443\"; ma=2592000,h3-Q043=\":443\"; ma=2592000,quic=\":443\"; ma=2592000; v=\"46,43\"","accept-ranges":"none","transfer-encoding":"chunked"}
[info] 
[info] === Serving from 'C:\Users\Fran\Documents\portfolios\nuestrodinero-frontend'...
[info] 
[debug] [2020-06-03T08:56:23.702Z] >>> HTTP REQUEST GET https://firebase.googleapis.com/v1beta1/projects/nuestrodinero/webApps/-/config  
 
[debug] [2020-06-03T08:56:24.713Z] <<< HTTP RESPONSE 200 {"content-type":"application/json; charset=UTF-8","vary":"X-Origin, Referer, Origin,Accept-Encoding","date":"Wed, 03 Jun 2020 08:56:27 GMT","server":"ESF","cache-control":"private","x-xss-protection":"0","x-frame-options":"SAMEORIGIN","x-content-type-options":"nosniff","alt-svc":"h3-27=\":443\"; ma=2592000,h3-25=\":443\"; ma=2592000,h3-T050=\":443\"; ma=2592000,h3-Q050=\":443\"; ma=2592000,h3-Q049=\":443\"; ma=2592000,h3-Q048=\":443\"; ma=2592000,h3-Q046=\":443\"; ma=2592000,h3-Q043=\":443\"; ma=2592000,quic=\":443\"; ma=2592000; v=\"46,43\"","accept-ranges":"none","transfer-encoding":"chunked"}
[info] i  hosting: Serving hosting files from: dist/nuestrodinero-frontend/browser {"metadata":{"emulator":{"name":"hosting"},"message":"Serving hosting files from: \u001b[1mdist/nuestrodinero-frontend/browser\u001b[22m"}}
[info] +  hosting: Local server: http://localhost:5000 {"metadata":{"emulator":{"name":"hosting"},"message":"Local server: \u001b[4m\u001b[1mhttp://localhost:5000\u001b[22m\u001b[24m"}}
[warn] !  Your requested "node" version "8" doesn't match your global version "12" {"metadata":{"emulator":{"name":"functions"},"message":"Your requested \"node\" version \"8\" doesn't match your global version \"12\""}}
[info] i  functions: Watching "C:\Users\Fran\Documents\portfolios\nuestrodinero-frontend\functions" for Cloud Functions... {"metadata":{"emulator":{"name":"functions"},"message":"Watching \"C:\\Users\\Fran\\Documents\\portfolios\\nuestrodinero-frontend\\functions\" for Cloud Functions..."}}
[debug] [2020-06-03T08:56:25.912Z] [worker-pool] addWorker(~diagnostic~) {"metadata":{"emulator":{"name":"functions"},"message":"[worker-pool] addWorker(~diagnostic~)"}}
[debug] [2020-06-03T08:56:25.913Z] [worker-pool] Adding worker with key ~diagnostic~, total=1 {"metadata":{"emulator":{"name":"functions"},"message":"[worker-pool] Adding worker with key ~diagnostic~, total=1"}}
[debug] [2020-06-03T08:56:25.913Z] [worker-pool] submitWork(triggerId=) {"metadata":{"emulator":{"name":"functions"},"message":"[worker-pool] submitWork(triggerId=)"}}
[debug] [2020-06-03T08:56:25.914Z] [worker-~diagnostic~-98157d6c-0e5b-49b9-aeeb-afbc41310fa1]: Assigning socketPath: \\?\pipe\C:\Users\Fran\Documents\portfolios\nuestrodinero-frontend\functions\2612 {"metadata":{"emulator":{"name":"functions"},"message":"[worker-~diagnostic~-98157d6c-0e5b-49b9-aeeb-afbc41310fa1]: Assigning socketPath: \\\\?\\pipe\\C:\\Users\\Fran\\Documents\\portfolios\\nuestrodinero-frontend\\functions\\2612"}}
[debug] [2020-06-03T08:56:25.915Z] [worker-~diagnostic~-98157d6c-0e5b-49b9-aeeb-afbc41310fa1]: BUSY {"metadata":{"emulator":{"name":"functions"},"message":"[worker-~diagnostic~-98157d6c-0e5b-49b9-aeeb-afbc41310fa1]: BUSY"}}
[debug] [2020-06-03T08:56:26.792Z] [runtime-status] [2612] Functions runtime initialized. {"cwd":"C:\\Users\\Fran\\Documents\\portfolios\\nuestrodinero-frontend\\functions","node_version":"12.16.1"} {"metadata":{"emulator":{"name":"functions"},"message":"[runtime-status] [2612] Functions runtime initialized. {\"cwd\":\"C:\\\\Users\\\\Fran\\\\Documents\\\\portfolios\\\\nuestrodinero-frontend\\\\functions\",\"node_version\":\"12.16.1\"}"}}
[debug] [2020-06-03T08:56:26.793Z] [runtime-status] [2612] Disabled runtime features: undefined {"metadata":{"emulator":{"name":"functions"},"message":"[runtime-status] [2612] Disabled runtime features: undefined"}}
[debug] [2020-06-03T08:56:26.795Z] [runtime-status] [2612] Resolved module firebase-admin {"declared":true,"installed":true,"version":"8.12.1","resolution":"C:\\Users\\Fran\\Documents\\portfolios\\nuestrodinero-frontend\\functions\\node_modules\\firebase-admin\\lib\\index.js"} {"metadata":{"emulator":{"name":"functions"},"message":"[runtime-status] [2612] Resolved module firebase-admin {\"declared\":true,\"installed\":true,\"version\":\"8.12.1\",\"resolution\":\"C:\\\\Users\\\\Fran\\\\Documents\\\\portfolios\\\\nuestrodinero-frontend\\\\functions\\\\node_modules\\\\firebase-admin\\\\lib\\\\index.js\"}"}}
[debug] [2020-06-03T08:56:26.851Z] [runtime-status] [2612] Resolved module firebase-functions {"declared":true,"installed":true,"version":"3.6.2","resolution":"C:\\Users\\Fran\\Documents\\portfolios\\nuestrodinero-frontend\\functions\\node_modules\\firebase-functions\\lib\\index.js"} {"metadata":{"emulator":{"name":"functions"},"message":"[runtime-status] [2612] Resolved module firebase-functions {\"declared\":true,\"installed\":true,\"version\":\"3.6.2\",\"resolution\":\"C:\\\\Users\\\\Fran\\\\Documents\\\\portfolios\\\\nuestrodinero-frontend\\\\functions\\\\node_modules\\\\firebase-functions\\\\lib\\\\index.js\"}"}}
[debug] [2020-06-03T08:56:26.858Z] [runtime-status] [2612] Outgoing network have been stubbed. [{"name":"http","status":"mocked"},{"name":"http","status":"mocked"},{"name":"https","status":"mocked"},{"name":"https","status":"mocked"},{"name":"net","status":"mocked"}] {"metadata":{"emulator":{"name":"functions"},"message":"[runtime-status] [2612] Outgoing network have been stubbed. [{\"name\":\"http\",\"status\":\"mocked\"},{\"name\":\"http\",\"status\":\"mocked\"},{\"name\":\"https\",\"status\":\"mocked\"},{\"name\":\"https\",\"status\":\"mocked\"},{\"name\":\"net\",\"status\":\"mocked\"}]"}}
[debug] [2020-06-03T08:56:27.035Z] [runtime-status] [2612] Checked functions.config() {"config":{}} {"metadata":{"emulator":{"name":"functions"},"message":"[runtime-status] [2612] Checked functions.config() {\"config\":{}}"}}
[debug] [2020-06-03T08:56:27.037Z] [runtime-status] [2612] Error in handleMessage: {"frb":{"cwd":"C:\\Users\\Fran\\Documents\\portfolios\\nuestrodinero-frontend\\functions","projectId":"nuestrodinero","triggerId":"","emulators":{},"socketPath":"\\\\?\\pipe\\C:\\Users\\Fran\\Documents\\portfolios\\nuestrodinero-frontend\\functions\\2612"},"opts":{"nodeBinary":"C:\\Program Files\\nodejs\\node.exe"}} => TypeError: Cannot set property config of #<Object> which has only a getter: TypeError: Cannot set property config of #<Object> which has only a getter
    at C:\Users\Fran\AppData\Roaming\npm\node_modules\firebase-tools\lib\emulator\functionsEmulatorRuntime.js:454:19
    at Generator.next (<anonymous>)
    at fulfilled (C:\Users\Fran\AppData\Roaming\npm\node_modules\firebase-tools\lib\emulator\functionsEmulatorRuntime.js:5:58)
    at processTicksAndRejections (internal/process/task_queues.js:97:5) {"metadata":{"emulator":{"name":"functions"},"message":"[runtime-status] [2612] Error in handleMessage: {\"frb\":{\"cwd\":\"C:\\\\Users\\\\Fran\\\\Documents\\\\portfolios\\\\nuestrodinero-frontend\\\\functions\",\"projectId\":\"nuestrodinero\",\"triggerId\":\"\",\"emulators\":{},\"socketPath\":\"\\\\\\\\?\\\\pipe\\\\C:\\\\Users\\\\Fran\\\\Documents\\\\portfolios\\\\nuestrodinero-frontend\\\\functions\\\\2612\"},\"opts\":{\"nodeBinary\":\"C:\\\\Program Files\\\\nodejs\\\\node.exe\"}} => TypeError: Cannot set property config of #<Object> which has only a getter: TypeError: Cannot set property config of #<Object> which has only a getter\n    at C:\\Users\\Fran\\AppData\\Roaming\\npm\\node_modules\\firebase-tools\\lib\\emulator\\functionsEmulatorRuntime.js:454:19\n    at Generator.next (<anonymous>)\n    at fulfilled (C:\\Users\\Fran\\AppData\\Roaming\\npm\\node_modules\\firebase-tools\\lib\\emulator\\functionsEmulatorRuntime.js:5:58)\n    at processTicksAndRejections (internal/process/task_queues.js:97:5)"}}
[warn] !  functions: Cannot set property config of #<Object> which has only a getter {"metadata":{"emulator":{"name":"functions"},"message":"Cannot set property config of #<Object> which has only a getter"}}
[warn] !  Your function was killed because it raised an unhandled error. {"metadata":{"emulator":{"name":"functions"},"message":"Your function was killed because it raised an unhandled error."}}
[debug] [2020-06-03T08:56:27.063Z] [worker-~diagnostic~-98157d6c-0e5b-49b9-aeeb-afbc41310fa1]: exited {"metadata":{"emulator":{"name":"functions"},"message":"[worker-~diagnostic~-98157d6c-0e5b-49b9-aeeb-afbc41310fa1]: exited"}}
[debug] [2020-06-03T08:56:27.063Z] [worker-~diagnostic~-98157d6c-0e5b-49b9-aeeb-afbc41310fa1]: FINISHED {"metadata":{"emulator":{"name":"functions"},"message":"[worker-~diagnostic~-98157d6c-0e5b-49b9-aeeb-afbc41310fa1]: FINISHED"}}
[debug] [2020-06-03T08:56:42.167Z] File C:\Users\Fran\Documents\portfolios\nuestrodinero-frontend\functions\index.js changed, reloading triggers {"metadata":{"emulator":{"name":"functions"},"message":"File C:\\Users\\Fran\\Documents\\portfolios\\nuestrodinero-frontend\\functions\\index.js changed, reloading triggers"}}
[debug] [2020-06-03T08:56:43.180Z] [worker-pool] Cleaned up workers for ~diagnostic~: 1 --> 0 {"metadata":{"emulator":{"name":"functions"},"message":"[worker-pool] Cleaned up workers for ~diagnostic~: 1 --> 0"}}
[debug] [2020-06-03T08:56:43.290Z] [worker-pool] addWorker(~diagnostic~) {"metadata":{"emulator":{"name":"functions"},"message":"[worker-pool] addWorker(~diagnostic~)"}}
[debug] [2020-06-03T08:56:43.291Z] [worker-pool] Adding worker with key ~diagnostic~, total=1 {"metadata":{"emulator":{"name":"functions"},"message":"[worker-pool] Adding worker with key ~diagnostic~, total=1"}}
[debug] [2020-06-03T08:56:43.291Z] [worker-pool] submitWork(triggerId=) {"metadata":{"emulator":{"name":"functions"},"message":"[worker-pool] submitWork(triggerId=)"}}
[debug] [2020-06-03T08:56:43.292Z] [worker-~diagnostic~-5c5e009c-5654-452e-9bb4-ae20f11686fa]: Assigning socketPath: \\?\pipe\C:\Users\Fran\Documents\portfolios\nuestrodinero-frontend\functions\5292 {"metadata":{"emulator":{"name":"functions"},"message":"[worker-~diagnostic~-5c5e009c-5654-452e-9bb4-ae20f11686fa]: Assigning socketPath: \\\\?\\pipe\\C:\\Users\\Fran\\Documents\\portfolios\\nuestrodinero-frontend\\functions\\5292"}}
[debug] [2020-06-03T08:56:43.292Z] [worker-~diagnostic~-5c5e009c-5654-452e-9bb4-ae20f11686fa]: BUSY {"metadata":{"emulator":{"name":"functions"},"message":"[worker-~diagnostic~-5c5e009c-5654-452e-9bb4-ae20f11686fa]: BUSY"}}
[debug] [2020-06-03T08:56:44.023Z] [runtime-status] [5292] Functions runtime initialized. {"cwd":"C:\\Users\\Fran\\Documents\\portfolios\\nuestrodinero-frontend\\functions","node_version":"12.16.1"} {"metadata":{"emulator":{"name":"functions"},"message":"[runtime-status] [5292] Functions runtime initialized. {\"cwd\":\"C:\\\\Users\\\\Fran\\\\Documents\\\\portfolios\\\\nuestrodinero-frontend\\\\functions\",\"node_version\":\"12.16.1\"}"}}
[debug] [2020-06-03T08:56:44.027Z] [runtime-status] [5292] Disabled runtime features: undefined {"metadata":{"emulator":{"name":"functions"},"message":"[runtime-status] [5292] Disabled runtime features: undefined"}}
[debug] [2020-06-03T08:56:44.035Z] [runtime-status] [5292] Resolved module firebase-admin {"declared":true,"installed":true,"version":"8.12.1","resolution":"C:\\Users\\Fran\\Documents\\portfolios\\nuestrodinero-frontend\\functions\\node_modules\\firebase-admin\\lib\\index.js"} {"metadata":{"emulator":{"name":"functions"},"message":"[runtime-status] [5292] Resolved module firebase-admin {\"declared\":true,\"installed\":true,\"version\":\"8.12.1\",\"resolution\":\"C:\\\\Users\\\\Fran\\\\Documents\\\\portfolios\\\\nuestrodinero-frontend\\\\functions\\\\node_modules\\\\firebase-admin\\\\lib\\\\index.js\"}"}}
[debug] [2020-06-03T08:56:44.037Z] [runtime-status] [5292] Resolved module firebase-functions {"declared":true,"installed":true,"version":"3.6.2","resolution":"C:\\Users\\Fran\\Documents\\portfolios\\nuestrodinero-frontend\\functions\\node_modules\\firebase-functions\\lib\\index.js"} {"metadata":{"emulator":{"name":"functions"},"message":"[runtime-status] [5292] Resolved module firebase-functions {\"declared\":true,\"installed\":true,\"version\":\"3.6.2\",\"resolution\":\"C:\\\\Users\\\\Fran\\\\Documents\\\\portfolios\\\\nuestrodinero-frontend\\\\functions\\\\node_modules\\\\firebase-functions\\\\lib\\\\index.js\"}"}}
[debug] [2020-06-03T08:56:44.041Z] [runtime-status] [5292] Outgoing network have been stubbed. [{"name":"http","status":"mocked"},{"name":"http","status":"mocked"},{"name":"https","status":"mocked"},{"name":"https","status":"mocked"},{"name":"net","status":"mocked"}] {"metadata":{"emulator":{"name":"functions"},"message":"[runtime-status] [5292] Outgoing network have been stubbed. [{\"name\":\"http\",\"status\":\"mocked\"},{\"name\":\"http\",\"status\":\"mocked\"},{\"name\":\"https\",\"status\":\"mocked\"},{\"name\":\"https\",\"status\":\"mocked\"},{\"name\":\"net\",\"status\":\"mocked\"}]"}}
[debug] [2020-06-03T08:56:44.100Z] [runtime-status] [5292] Checked functions.config() {"config":{}} {"metadata":{"emulator":{"name":"functions"},"message":"[runtime-status] [5292] Checked functions.config() {\"config\":{}}"}}
[debug] [2020-06-03T08:56:44.100Z] [runtime-status] [5292] Error in handleMessage: {"frb":{"cwd":"C:\\Users\\Fran\\Documents\\portfolios\\nuestrodinero-frontend\\functions","projectId":"nuestrodinero","triggerId":"","emulators":{},"socketPath":"\\\\?\\pipe\\C:\\Users\\Fran\\Documents\\portfolios\\nuestrodinero-frontend\\functions\\5292"},"opts":{"nodeBinary":"C:\\Program Files\\nodejs\\node.exe"}} => TypeError: Cannot set property config of #<Object> which has only a getter: TypeError: Cannot set property config of #<Object> which has only a getter
    at C:\Users\Fran\AppData\Roaming\npm\node_modules\firebase-tools\lib\emulator\functionsEmulatorRuntime.js:454:19
    at Generator.next (<anonymous>)
    at fulfilled (C:\Users\Fran\AppData\Roaming\npm\node_modules\firebase-tools\lib\emulator\functionsEmulatorRuntime.js:5:58)
    at processTicksAndRejections (internal/process/task_queues.js:97:5) {"metadata":{"emulator":{"name":"functions"},"message":"[runtime-status] [5292] Error in handleMessage: {\"frb\":{\"cwd\":\"C:\\\\Users\\\\Fran\\\\Documents\\\\portfolios\\\\nuestrodinero-frontend\\\\functions\",\"projectId\":\"nuestrodinero\",\"triggerId\":\"\",\"emulators\":{},\"socketPath\":\"\\\\\\\\?\\\\pipe\\\\C:\\\\Users\\\\Fran\\\\Documents\\\\portfolios\\\\nuestrodinero-frontend\\\\functions\\\\5292\"},\"opts\":{\"nodeBinary\":\"C:\\\\Program Files\\\\nodejs\\\\node.exe\"}} => TypeError: Cannot set property config of #<Object> which has only a getter: TypeError: Cannot set property config of #<Object> which has only a getter\n    at C:\\Users\\Fran\\AppData\\Roaming\\npm\\node_modules\\firebase-tools\\lib\\emulator\\functionsEmulatorRuntime.js:454:19\n    at Generator.next (<anonymous>)\n    at fulfilled (C:\\Users\\Fran\\AppData\\Roaming\\npm\\node_modules\\firebase-tools\\lib\\emulator\\functionsEmulatorRuntime.js:5:58)\n    at processTicksAndRejections (internal/process/task_queues.js:97:5)"}}
[warn] !  functions: Cannot set property config of #<Object> which has only a getter {"metadata":{"emulator":{"name":"functions"},"message":"Cannot set property config of #<Object> which has only a getter"}}
[warn] !  Your function was killed because it raised an unhandled error. {"metadata":{"emulator":{"name":"functions"},"message":"Your function was killed because it raised an unhandled error."}}
[debug] [2020-06-03T08:56:44.115Z] [worker-~diagnostic~-5c5e009c-5654-452e-9bb4-ae20f11686fa]: exited {"metadata":{"emulator":{"name":"functions"},"message":"[worker-~diagnostic~-5c5e009c-5654-452e-9bb4-ae20f11686fa]: exited"}}
[debug] [2020-06-03T08:56:44.116Z] [worker-~diagnostic~-5c5e009c-5654-452e-9bb4-ae20f11686fa]: FINISHED {"metadata":{"emulator":{"name":"functions"},"message":"[worker-~diagnostic~-5c5e009c-5654-452e-9bb4-ae20f11686fa]: FINISHED"}}
[debug] [2020-06-03T08:57:16.501Z] File C:\Users\Fran\Documents\portfolios\nuestrodinero-frontend\functions\index.js changed, reloading triggers {"metadata":{"emulator":{"name":"functions"},"message":"File C:\\Users\\Fran\\Documents\\portfolios\\nuestrodinero-frontend\\functions\\index.js changed, reloading triggers"}}
[debug] [2020-06-03T08:57:17.512Z] [worker-pool] Cleaned up workers for ~diagnostic~: 1 --> 0 {"metadata":{"emulator":{"name":"functions"},"message":"[worker-pool] Cleaned up workers for ~diagnostic~: 1 --> 0"}}
[debug] [2020-06-03T08:57:17.602Z] [worker-pool] addWorker(~diagnostic~) {"metadata":{"emulator":{"name":"functions"},"message":"[worker-pool] addWorker(~diagnostic~)"}}
[debug] [2020-06-03T08:57:17.602Z] [worker-pool] Adding worker with key ~diagnostic~, total=1 {"metadata":{"emulator":{"name":"functions"},"message":"[worker-pool] Adding worker with key ~diagnostic~, total=1"}}
[debug] [2020-06-03T08:57:17.603Z] [worker-pool] submitWork(triggerId=) {"metadata":{"emulator":{"name":"functions"},"message":"[worker-pool] submitWork(triggerId=)"}}
[debug] [2020-06-03T08:57:17.603Z] [worker-~diagnostic~-7a838a20-f8e4-44ce-a43d-7660acc98b83]: Assigning socketPath: \\?\pipe\C:\Users\Fran\Documents\portfolios\nuestrodinero-frontend\functions\1860 {"metadata":{"emulator":{"name":"functions"},"message":"[worker-~diagnostic~-7a838a20-f8e4-44ce-a43d-7660acc98b83]: Assigning socketPath: \\\\?\\pipe\\C:\\Users\\Fran\\Documents\\portfolios\\nuestrodinero-frontend\\functions\\1860"}}
[debug] [2020-06-03T08:57:17.603Z] [worker-~diagnostic~-7a838a20-f8e4-44ce-a43d-7660acc98b83]: BUSY {"metadata":{"emulator":{"name":"functions"},"message":"[worker-~diagnostic~-7a838a20-f8e4-44ce-a43d-7660acc98b83]: BUSY"}}
[debug] [2020-06-03T08:57:18.319Z] [runtime-status] [1860] Functions runtime initialized. {"cwd":"C:\\Users\\Fran\\Documents\\portfolios\\nuestrodinero-frontend\\functions","node_version":"12.16.1"} {"metadata":{"emulator":{"name":"functions"},"message":"[runtime-status] [1860] Functions runtime initialized. {\"cwd\":\"C:\\\\Users\\\\Fran\\\\Documents\\\\portfolios\\\\nuestrodinero-frontend\\\\functions\",\"node_version\":\"12.16.1\"}"}}
[debug] [2020-06-03T08:57:18.325Z] [runtime-status] [1860] Disabled runtime features: undefined {"metadata":{"emulator":{"name":"functions"},"message":"[runtime-status] [1860] Disabled runtime features: undefined"}}
[debug] [2020-06-03T08:57:18.340Z] [runtime-status] [1860] Resolved module firebase-admin {"declared":true,"installed":true,"version":"8.12.1","resolution":"C:\\Users\\Fran\\Documents\\portfolios\\nuestrodinero-frontend\\functions\\node_modules\\firebase-admin\\lib\\index.js"} {"metadata":{"emulator":{"name":"functions"},"message":"[runtime-status] [1860] Resolved module firebase-admin {\"declared\":true,\"installed\":true,\"version\":\"8.12.1\",\"resolution\":\"C:\\\\Users\\\\Fran\\\\Documents\\\\portfolios\\\\nuestrodinero-frontend\\\\functions\\\\node_modules\\\\firebase-admin\\\\lib\\\\index.js\"}"}}
[debug] [2020-06-03T08:57:18.345Z] [runtime-status] [1860] Resolved module firebase-functions {"declared":true,"installed":true,"version":"3.6.2","resolution":"C:\\Users\\Fran\\Documents\\portfolios\\nuestrodinero-frontend\\functions\\node_modules\\firebase-functions\\lib\\index.js"} {"metadata":{"emulator":{"name":"functions"},"message":"[runtime-status] [1860] Resolved module firebase-functions {\"declared\":true,\"installed\":true,\"version\":\"3.6.2\",\"resolution\":\"C:\\\\Users\\\\Fran\\\\Documents\\\\portfolios\\\\nuestrodinero-frontend\\\\functions\\\\node_modules\\\\firebase-functions\\\\lib\\\\index.js\"}"}}
[debug] [2020-06-03T08:57:18.349Z] [runtime-status] [1860] Outgoing network have been stubbed. [{"name":"http","status":"mocked"},{"name":"http","status":"mocked"},{"name":"https","status":"mocked"},{"name":"https","status":"mocked"},{"name":"net","status":"mocked"}] {"metadata":{"emulator":{"name":"functions"},"message":"[runtime-status] [1860] Outgoing network have been stubbed. [{\"name\":\"http\",\"status\":\"mocked\"},{\"name\":\"http\",\"status\":\"mocked\"},{\"name\":\"https\",\"status\":\"mocked\"},{\"name\":\"https\",\"status\":\"mocked\"},{\"name\":\"net\",\"status\":\"mocked\"}]"}}
[debug] [2020-06-03T08:57:18.454Z] [runtime-status] [1860] Checked functions.config() {"config":{}} {"metadata":{"emulator":{"name":"functions"},"message":"[runtime-status] [1860] Checked functions.config() {\"config\":{}}"}}
[debug] [2020-06-03T08:57:18.455Z] [runtime-status] [1860] Error in handleMessage: {"frb":{"cwd":"C:\\Users\\Fran\\Documents\\portfolios\\nuestrodinero-frontend\\functions","projectId":"nuestrodinero","triggerId":"","emulators":{},"socketPath":"\\\\?\\pipe\\C:\\Users\\Fran\\Documents\\portfolios\\nuestrodinero-frontend\\functions\\1860"},"opts":{"nodeBinary":"C:\\Program Files\\nodejs\\node.exe"}} => TypeError: Cannot set property config of #<Object> which has only a getter: TypeError: Cannot set property config of #<Object> which has only a getter
    at C:\Users\Fran\AppData\Roaming\npm\node_modules\firebase-tools\lib\emulator\functionsEmulatorRuntime.js:454:19
    at Generator.next (<anonymous>)
    at fulfilled (C:\Users\Fran\AppData\Roaming\npm\node_modules\firebase-tools\lib\emulator\functionsEmulatorRuntime.js:5:58)
    at processTicksAndRejections (internal/process/task_queues.js:97:5) {"metadata":{"emulator":{"name":"functions"},"message":"[runtime-status] [1860] Error in handleMessage: {\"frb\":{\"cwd\":\"C:\\\\Users\\\\Fran\\\\Documents\\\\portfolios\\\\nuestrodinero-frontend\\\\functions\",\"projectId\":\"nuestrodinero\",\"triggerId\":\"\",\"emulators\":{},\"socketPath\":\"\\\\\\\\?\\\\pipe\\\\C:\\\\Users\\\\Fran\\\\Documents\\\\portfolios\\\\nuestrodinero-frontend\\\\functions\\\\1860\"},\"opts\":{\"nodeBinary\":\"C:\\\\Program Files\\\\nodejs\\\\node.exe\"}} => TypeError: Cannot set property config of #<Object> which has only a getter: TypeError: Cannot set property config of #<Object> which has only a getter\n    at C:\\Users\\Fran\\AppData\\Roaming\\npm\\node_modules\\firebase-tools\\lib\\emulator\\functionsEmulatorRuntime.js:454:19\n    at Generator.next (<anonymous>)\n    at fulfilled (C:\\Users\\Fran\\AppData\\Roaming\\npm\\node_modules\\firebase-tools\\lib\\emulator\\functionsEmulatorRuntime.js:5:58)\n    at processTicksAndRejections (internal/process/task_queues.js:97:5)"}}
[warn] !  functions: Cannot set property config of #<Object> which has only a getter {"metadata":{"emulator":{"name":"functions"},"message":"Cannot set property config of #<Object> which has only a getter"}}
[warn] !  Your function was killed because it raised an unhandled error. {"metadata":{"emulator":{"name":"functions"},"message":"Your function was killed because it raised an unhandled error."}}
[debug] [2020-06-03T08:57:18.475Z] [worker-~diagnostic~-7a838a20-f8e4-44ce-a43d-7660acc98b83]: exited {"metadata":{"emulator":{"name":"functions"},"message":"[worker-~diagnostic~-7a838a20-f8e4-44ce-a43d-7660acc98b83]: exited"}}
[debug] [2020-06-03T08:57:18.476Z] [worker-~diagnostic~-7a838a20-f8e4-44ce-a43d-7660acc98b83]: FINISHED {"metadata":{"emulator":{"name":"functions"},"message":"[worker-~diagnostic~-7a838a20-f8e4-44ce-a43d-7660acc98b83]: FINISHED"}}
[debug] [2020-06-03T08:57:50.793Z] ----------------------------------------------------------------------
[debug] [2020-06-03T08:57:50.798Z] Command:       C:\Program Files\nodejs\node.exe C:\Users\Fran\AppData\Roaming\npm\node_modules\firebase-tools\lib\bin\firebase.js serve
[debug] [2020-06-03T08:57:50.799Z] CLI Version:   8.3.0
[debug] [2020-06-03T08:57:50.799Z] Platform:      win32
[debug] [2020-06-03T08:57:50.799Z] Node Version:  v12.16.1
[debug] [2020-06-03T08:57:50.804Z] Time:          Wed Jun 03 2020 09:57:50 GMT+0100 (GMT+01:00)
[debug] [2020-06-03T08:57:50.805Z] ----------------------------------------------------------------------
[debug] [2020-06-03T08:57:50.805Z] 
[debug] [2020-06-03T08:57:50.826Z] > command requires scopes: ["email","openid","https://www.googleapis.com/auth/cloudplatformprojects.readonly","https://www.googleapis.com/auth/firebase","https://www.googleapis.com/auth/cloud-platform"]
[debug] [2020-06-03T08:57:50.828Z] > authorizing via signed-in user
[debug] [2020-06-03T08:57:50.829Z] [iam] checking project nuestrodinero for permissions ["firebase.projects.get"]
[debug] [2020-06-03T08:57:50.837Z] >>> HTTP REQUEST POST https://cloudresourcemanager.googleapis.com/v1/projects/nuestrodinero:testIamPermissions  
 {"permissions":["firebase.projects.get"]}
[debug] [2020-06-03T08:57:51.766Z] <<< HTTP RESPONSE 200 {"content-type":"application/json; charset=UTF-8","vary":"X-Origin, Referer, Origin,Accept-Encoding","date":"Wed, 03 Jun 2020 08:57:54 GMT","server":"ESF","cache-control":"private","x-xss-protection":"0","x-frame-options":"SAMEORIGIN","x-content-type-options":"nosniff","server-timing":"gfet4t7; dur=659","alt-svc":"h3-27=\":443\"; ma=2592000,h3-25=\":443\"; ma=2592000,h3-T050=\":443\"; ma=2592000,h3-Q050=\":443\"; ma=2592000,h3-Q049=\":443\"; ma=2592000,h3-Q048=\":443\"; ma=2592000,h3-Q046=\":443\"; ma=2592000,h3-Q043=\":443\"; ma=2592000,quic=\":443\"; ma=2592000; v=\"46,43\"","accept-ranges":"none","transfer-encoding":"chunked"}
[debug] [2020-06-03T08:57:51.770Z] >>> HTTP REQUEST GET https://firebase.googleapis.com/v1beta1/projects/nuestrodinero  
 
[debug] [2020-06-03T08:57:52.161Z] <<< HTTP RESPONSE 200 {"content-type":"application/json; charset=UTF-8","vary":"X-Origin, Referer, Origin,Accept-Encoding","date":"Wed, 03 Jun 2020 08:57:54 GMT","server":"ESF","cache-control":"private","x-xss-protection":"0","x-frame-options":"SAMEORIGIN","x-content-type-options":"nosniff","alt-svc":"h3-27=\":443\"; ma=2592000,h3-25=\":443\"; ma=2592000,h3-T050=\":443\"; ma=2592000,h3-Q050=\":443\"; ma=2592000,h3-Q049=\":443\"; ma=2592000,h3-Q048=\":443\"; ma=2592000,h3-Q046=\":443\"; ma=2592000,h3-Q043=\":443\"; ma=2592000,quic=\":443\"; ma=2592000; v=\"46,43\"","accept-ranges":"none","transfer-encoding":"chunked"}
[info] 
[info] === Serving from 'C:\Users\Fran\Documents\portfolios\nuestrodinero-frontend'...
[info] 
[debug] [2020-06-03T08:57:52.175Z] >>> HTTP REQUEST GET https://firebase.googleapis.com/v1beta1/projects/nuestrodinero/webApps/-/config  
 
[debug] [2020-06-03T08:57:52.980Z] <<< HTTP RESPONSE 200 {"content-type":"application/json; charset=UTF-8","vary":"X-Origin, Referer, Origin,Accept-Encoding","date":"Wed, 03 Jun 2020 08:57:55 GMT","server":"ESF","cache-control":"private","x-xss-protection":"0","x-frame-options":"SAMEORIGIN","x-content-type-options":"nosniff","alt-svc":"h3-27=\":443\"; ma=2592000,h3-25=\":443\"; ma=2592000,h3-T050=\":443\"; ma=2592000,h3-Q050=\":443\"; ma=2592000,h3-Q049=\":443\"; ma=2592000,h3-Q048=\":443\"; ma=2592000,h3-Q046=\":443\"; ma=2592000,h3-Q043=\":443\"; ma=2592000,quic=\":443\"; ma=2592000; v=\"46,43\"","accept-ranges":"none","transfer-encoding":"chunked"}
[info] i  hosting: Serving hosting files from: dist/nuestrodinero-frontend/browser {"metadata":{"emulator":{"name":"hosting"},"message":"Serving hosting files from: \u001b[1mdist/nuestrodinero-frontend/browser\u001b[22m"}}
[info] +  hosting: Local server: http://localhost:5000 {"metadata":{"emulator":{"name":"hosting"},"message":"Local server: \u001b[4m\u001b[1mhttp://localhost:5000\u001b[22m\u001b[24m"}}
[warn] !  Your requested "node" version "8" doesn't match your global version "12" {"metadata":{"emulator":{"name":"functions"},"message":"Your requested \"node\" version \"8\" doesn't match your global version \"12\""}}
[info] i  functions: Watching "C:\Users\Fran\Documents\portfolios\nuestrodinero-frontend\functions" for Cloud Functions... {"metadata":{"emulator":{"name":"functions"},"message":"Watching \"C:\\Users\\Fran\\Documents\\portfolios\\nuestrodinero-frontend\\functions\" for Cloud Functions..."}}
[debug] [2020-06-03T08:57:54.375Z] [worker-pool] addWorker(~diagnostic~) {"metadata":{"emulator":{"name":"functions"},"message":"[worker-pool] addWorker(~diagnostic~)"}}
[debug] [2020-06-03T08:57:54.376Z] [worker-pool] Adding worker with key ~diagnostic~, total=1 {"metadata":{"emulator":{"name":"functions"},"message":"[worker-pool] Adding worker with key ~diagnostic~, total=1"}}
[debug] [2020-06-03T08:57:54.376Z] [worker-pool] submitWork(triggerId=) {"metadata":{"emulator":{"name":"functions"},"message":"[worker-pool] submitWork(triggerId=)"}}
[debug] [2020-06-03T08:57:54.377Z] [worker-~diagnostic~-e8f07eae-10cd-4c00-9b82-bc650e8459ee]: Assigning socketPath: \\?\pipe\C:\Users\Fran\Documents\portfolios\nuestrodinero-frontend\functions\1476 {"metadata":{"emulator":{"name":"functions"},"message":"[worker-~diagnostic~-e8f07eae-10cd-4c00-9b82-bc650e8459ee]: Assigning socketPath: \\\\?\\pipe\\C:\\Users\\Fran\\Documents\\portfolios\\nuestrodinero-frontend\\functions\\1476"}}
[debug] [2020-06-03T08:57:54.377Z] [worker-~diagnostic~-e8f07eae-10cd-4c00-9b82-bc650e8459ee]: BUSY {"metadata":{"emulator":{"name":"functions"},"message":"[worker-~diagnostic~-e8f07eae-10cd-4c00-9b82-bc650e8459ee]: BUSY"}}
[debug] [2020-06-03T08:57:54.950Z] [runtime-status] [1476] Functions runtime initialized. {"cwd":"C:\\Users\\Fran\\Documents\\portfolios\\nuestrodinero-frontend\\functions","node_version":"12.16.1"} {"metadata":{"emulator":{"name":"functions"},"message":"[runtime-status] [1476] Functions runtime initialized. {\"cwd\":\"C:\\\\Users\\\\Fran\\\\Documents\\\\portfolios\\\\nuestrodinero-frontend\\\\functions\",\"node_version\":\"12.16.1\"}"}}
[debug] [2020-06-03T08:57:54.952Z] [runtime-status] [1476] Disabled runtime features: undefined {"metadata":{"emulator":{"name":"functions"},"message":"[runtime-status] [1476] Disabled runtime features: undefined"}}
[debug] [2020-06-03T08:57:54.957Z] [runtime-status] [1476] Resolved module firebase-admin {"declared":true,"installed":true,"version":"8.12.1","resolution":"C:\\Users\\Fran\\Documents\\portfolios\\nuestrodinero-frontend\\functions\\node_modules\\firebase-admin\\lib\\index.js"} {"metadata":{"emulator":{"name":"functions"},"message":"[runtime-status] [1476] Resolved module firebase-admin {\"declared\":true,\"installed\":true,\"version\":\"8.12.1\",\"resolution\":\"C:\\\\Users\\\\Fran\\\\Documents\\\\portfolios\\\\nuestrodinero-frontend\\\\functions\\\\node_modules\\\\firebase-admin\\\\lib\\\\index.js\"}"}}
[debug] [2020-06-03T08:57:54.961Z] [runtime-status] [1476] Resolved module firebase-functions {"declared":true,"installed":true,"version":"3.6.2","resolution":"C:\\Users\\Fran\\Documents\\portfolios\\nuestrodinero-frontend\\functions\\node_modules\\firebase-functions\\lib\\index.js"} {"metadata":{"emulator":{"name":"functions"},"message":"[runtime-status] [1476] Resolved module firebase-functions {\"declared\":true,\"installed\":true,\"version\":\"3.6.2\",\"resolution\":\"C:\\\\Users\\\\Fran\\\\Documents\\\\portfolios\\\\nuestrodinero-frontend\\\\functions\\\\node_modules\\\\firebase-functions\\\\lib\\\\index.js\"}"}}
[debug] [2020-06-03T08:57:54.964Z] [runtime-status] [1476] Outgoing network have been stubbed. [{"name":"http","status":"mocked"},{"name":"http","status":"mocked"},{"name":"https","status":"mocked"},{"name":"https","status":"mocked"},{"name":"net","status":"mocked"}] {"metadata":{"emulator":{"name":"functions"},"message":"[runtime-status] [1476] Outgoing network have been stubbed. [{\"name\":\"http\",\"status\":\"mocked\"},{\"name\":\"http\",\"status\":\"mocked\"},{\"name\":\"https\",\"status\":\"mocked\"},{\"name\":\"https\",\"status\":\"mocked\"},{\"name\":\"net\",\"status\":\"mocked\"}]"}}
[debug] [2020-06-03T08:57:55.049Z] [runtime-status] [1476] Checked functions.config() {"config":{}} {"metadata":{"emulator":{"name":"functions"},"message":"[runtime-status] [1476] Checked functions.config() {\"config\":{}}"}}
[debug] [2020-06-03T08:57:55.050Z] [runtime-status] [1476] Error in handleMessage: {"frb":{"cwd":"C:\\Users\\Fran\\Documents\\portfolios\\nuestrodinero-frontend\\functions","projectId":"nuestrodinero","triggerId":"","emulators":{},"socketPath":"\\\\?\\pipe\\C:\\Users\\Fran\\Documents\\portfolios\\nuestrodinero-frontend\\functions\\1476"},"opts":{"nodeBinary":"C:\\Program Files\\nodejs\\node.exe"}} => TypeError: Cannot set property config of #<Object> which has only a getter: TypeError: Cannot set property config of #<Object> which has only a getter
    at C:\Users\Fran\AppData\Roaming\npm\node_modules\firebase-tools\lib\emulator\functionsEmulatorRuntime.js:454:19
    at Generator.next (<anonymous>)
    at fulfilled (C:\Users\Fran\AppData\Roaming\npm\node_modules\firebase-tools\lib\emulator\functionsEmulatorRuntime.js:5:58)
    at processTicksAndRejections (internal/process/task_queues.js:97:5) {"metadata":{"emulator":{"name":"functions"},"message":"[runtime-status] [1476] Error in handleMessage: {\"frb\":{\"cwd\":\"C:\\\\Users\\\\Fran\\\\Documents\\\\portfolios\\\\nuestrodinero-frontend\\\\functions\",\"projectId\":\"nuestrodinero\",\"triggerId\":\"\",\"emulators\":{},\"socketPath\":\"\\\\\\\\?\\\\pipe\\\\C:\\\\Users\\\\Fran\\\\Documents\\\\portfolios\\\\nuestrodinero-frontend\\\\functions\\\\1476\"},\"opts\":{\"nodeBinary\":\"C:\\\\Program Files\\\\nodejs\\\\node.exe\"}} => TypeError: Cannot set property config of #<Object> which has only a getter: TypeError: Cannot set property config of #<Object> which has only a getter\n    at C:\\Users\\Fran\\AppData\\Roaming\\npm\\node_modules\\firebase-tools\\lib\\emulator\\functionsEmulatorRuntime.js:454:19\n    at Generator.next (<anonymous>)\n    at fulfilled (C:\\Users\\Fran\\AppData\\Roaming\\npm\\node_modules\\firebase-tools\\lib\\emulator\\functionsEmulatorRuntime.js:5:58)\n    at processTicksAndRejections (internal/process/task_queues.js:97:5)"}}
[warn] !  functions: Cannot set property config of #<Object> which has only a getter {"metadata":{"emulator":{"name":"functions"},"message":"Cannot set property config of #<Object> which has only a getter"}}
[warn] !  Your function was killed because it raised an unhandled error. {"metadata":{"emulator":{"name":"functions"},"message":"Your function was killed because it raised an unhandled error."}}
[debug] [2020-06-03T08:57:55.071Z] [worker-~diagnostic~-e8f07eae-10cd-4c00-9b82-bc650e8459ee]: exited {"metadata":{"emulator":{"name":"functions"},"message":"[worker-~diagnostic~-e8f07eae-10cd-4c00-9b82-bc650e8459ee]: exited"}}
[debug] [2020-06-03T08:57:55.071Z] [worker-~diagnostic~-e8f07eae-10cd-4c00-9b82-bc650e8459ee]: FINISHED {"metadata":{"emulator":{"name":"functions"},"message":"[worker-~diagnostic~-e8f07eae-10cd-4c00-9b82-bc650e8459ee]: FINISHED"}}
